<?xml version="1.0" encoding="UTF-8"?>
<!-- Generated by org.testng.reporters.JUnitReportReporter -->
<testsuite hostname="DESKTOP-I2PIN17" failures="0" tests="1" name="testscript.NewTest" time="0.005" errors="0" timestamp="2024-01-03T15:26:53 IST" skipped="0">
  <testcase classname="testscript.NewTest" name="testcase" time="0.005"/>
  <system-out/>
</testsuite> <!-- testscript.NewTest -->
